<?xml version="1.0" encoding="UTF-8"?>
<!-- Generated by org.testng.reporters.JUnitXMLReporter -->
<testsuite hostname="DESKTOP-VCU4DMG" ignored="0" name="Default test" tests="3" failures="0" timestamp="06 Apr 2019 14:15:37 GMT" time="69.193" errors="0">
  <testcase name="verifyContactPageLabel" time="0.066" classname="com.crm.qa.testcases.ContactsPageTest"/>
  <testcase name="verifyHomePageTitleTest" time="0.011" classname="com.crm.qa.testcases.HomePageTest"/>
  <testcase name="validateLoginPageTitleTest" time="0.028" classname="com.crm.qa.testcases.LoginPageTest"/>
</testsuite> <!-- Default test -->
